2016-07-24 18:25:45.599  INFO 78140 --- [main] com.intuit.craft.Application             : Starting Application on L-HOAG4UZG3Q-M.local with PID 78140 (/Users/k0konat/Library/bookshelf-exercise/target/classes started by k0konat in /Users/k0konat/Library/bookshelf-exercise)
2016-07-24 18:25:45.602  INFO 78140 --- [main] com.intuit.craft.Application             : No active profile set, falling back to default profiles: default
2016-07-24 18:25:45.646  INFO 78140 --- [main] ationConfigEmbeddedWebApplicationContext : Refreshing org.springframework.boot.context.embedded.AnnotationConfigEmbeddedWebApplicationContext@545ef9fe: startup date [Sun Jul 24 18:25:45 CDT 2016]; root of context hierarchy
2016-07-24 18:25:46.235  INFO 78140 --- [main] o.s.b.f.s.DefaultListableBeanFactory     : Overriding bean definition for bean 'beanNameViewResolver' with a different definition: replacing [Root bean: class [null]; scope=; abstract=false; lazyInit=false; autowireMode=3; dependencyCheck=0; autowireCandidate=true; primary=false; factoryBeanName=org.springframework.boot.autoconfigure.web.ErrorMvcAutoConfiguration$WhitelabelErrorViewConfiguration; factoryMethodName=beanNameViewResolver; initMethodName=null; destroyMethodName=(inferred); defined in class path resource [org/springframework/boot/autoconfigure/web/ErrorMvcAutoConfiguration$WhitelabelErrorViewConfiguration.class]] with [Root bean: class [null]; scope=; abstract=false; lazyInit=false; autowireMode=3; dependencyCheck=0; autowireCandidate=true; primary=false; factoryBeanName=org.springframework.boot.autoconfigure.web.WebMvcAutoConfiguration$WebMvcAutoConfigurationAdapter; factoryMethodName=beanNameViewResolver; initMethodName=null; destroyMethodName=(inferred); defined in class path resource [org/springframework/boot/autoconfigure/web/WebMvcAutoConfiguration$WebMvcAutoConfigurationAdapter.class]]
2016-07-24 18:25:46.659  INFO 78140 --- [main] s.b.c.e.t.TomcatEmbeddedServletContainer : Tomcat initialized with port(s): 8080 (http)
2016-07-24 18:25:46.670  INFO 78140 --- [main] o.apache.catalina.core.StandardService   : Starting service Tomcat
2016-07-24 18:25:46.671  INFO 78140 --- [main] org.apache.catalina.core.StandardEngine  : Starting Servlet Engine: Apache Tomcat/7.0.59
2016-07-24 18:25:46.788  INFO 78140 --- [localhost-startStop-1] o.a.c.c.C.[Tomcat].[localhost].[/]       : Initializing Spring embedded WebApplicationContext
2016-07-24 18:25:46.789  INFO 78140 --- [localhost-startStop-1] o.s.web.context.ContextLoader            : Root WebApplicationContext: initialization completed in 1148 ms
2016-07-24 18:25:46.991  INFO 78140 --- [localhost-startStop-1] o.s.b.c.e.ServletRegistrationBean        : Mapping servlet: 'dispatcherServlet' to [/]
2016-07-24 18:25:46.992  INFO 78140 --- [localhost-startStop-1] o.s.b.c.embedded.FilterRegistrationBean  : Mapping filter: 'characterEncodingFilter' to: [/*]
2016-07-24 18:25:46.993  INFO 78140 --- [localhost-startStop-1] o.s.b.c.embedded.FilterRegistrationBean  : Mapping filter: 'hiddenHttpMethodFilter' to: [/*]
2016-07-24 18:25:46.993  INFO 78140 --- [localhost-startStop-1] o.s.b.c.embedded.FilterRegistrationBean  : Mapping filter: 'httpPutFormContentFilter' to: [/*]
2016-07-24 18:25:46.993  INFO 78140 --- [localhost-startStop-1] o.s.b.c.embedded.FilterRegistrationBean  : Mapping filter: 'requestContextFilter' to: [/*]
2016-07-24 18:25:47.307  INFO 78140 --- [main] s.w.s.m.m.a.RequestMappingHandlerMapping : Mapped "{[/books/book],methods=[POST]}" onto org.springframework.http.ResponseEntity<java.lang.Void> com.intuit.craft.rest.endopoint.v1.controller.BookShelfController.create(com.intuit.craft.data.entity.Book)
2016-07-24 18:25:47.308  INFO 78140 --- [main] s.w.s.m.m.a.RequestMappingHandlerMapping : Mapped "{[/books],methods=[GET],produces=[application/json]}" onto org.springframework.http.HttpEntity<java.util.List<com.intuit.craft.data.entity.Book>> com.intuit.craft.rest.endopoint.v1.controller.BookShelfController.getAll()
2016-07-24 18:25:47.308  INFO 78140 --- [main] s.w.s.m.m.a.RequestMappingHandlerMapping : Mapped "{[/books/book/checkout],methods=[PUT]}" onto org.springframework.http.HttpEntity<?> com.intuit.craft.rest.endopoint.v1.controller.BookShelfController.checkout(com.intuit.craft.domain.requests.CheckoutBookRequest)
2016-07-24 18:25:47.308  INFO 78140 --- [main] s.w.s.m.m.a.RequestMappingHandlerMapping : Mapped "{[/books/book/returnItem],methods=[PUT]}" onto void com.intuit.craft.rest.endopoint.v1.controller.BookShelfController.returnItem(java.lang.String)
2016-07-24 18:25:47.308  INFO 78140 --- [main] s.w.s.m.m.a.RequestMappingHandlerMapping : Mapped "{[/books/remaining],methods=[GET],produces=[application/json]}" onto org.springframework.http.HttpEntity<java.util.List<com.intuit.craft.data.entity.Book>> com.intuit.craft.rest.endopoint.v1.controller.BookShelfController.getItemsOnShelf()
2016-07-24 18:25:47.309  INFO 78140 --- [main] s.w.s.m.m.a.RequestMappingHandlerMapping : Mapped "{[/books/overdue],methods=[GET],produces=[application/json]}" onto org.springframework.http.HttpEntity<java.util.List<com.intuit.craft.data.entity.Book>> com.intuit.craft.rest.endopoint.v1.controller.BookShelfController.getOverDueItems()
2016-07-24 18:25:47.309  INFO 78140 --- [main] s.w.s.m.m.a.RequestMappingHandlerMapping : Mapped "{[/books/borrowed],methods=[GET],produces=[application/json]}" onto org.springframework.http.HttpEntity<java.util.List<com.intuit.craft.data.entity.Book>> com.intuit.craft.rest.endopoint.v1.controller.BookShelfController.getBorrowedItems()
2016-07-24 18:25:47.309  INFO 78140 --- [main] s.w.s.m.m.a.RequestMappingHandlerMapping : Mapped "{[/books/search],methods=[GET],produces=[application/json]}" onto org.springframework.http.HttpEntity<java.util.List<com.intuit.craft.data.entity.Book>> com.intuit.craft.rest.endopoint.v1.controller.BookShelfController.searchTitle(java.lang.String,java.lang.String,java.lang.String)
2016-07-24 18:25:47.310  INFO 78140 --- [main] s.w.s.m.m.a.RequestMappingHandlerMapping : Mapped "{[/v2/api-docs],methods=[GET],produces=[application/json || application/hal+json]}" onto public org.springframework.http.ResponseEntity<springfox.documentation.spring.web.json.Json> springfox.documentation.swagger2.web.Swagger2Controller.getDocumentation(java.lang.String,javax.servlet.http.HttpServletRequest)
2016-07-24 18:25:47.312  INFO 78140 --- [main] s.w.s.m.m.a.RequestMappingHandlerMapping : Mapped "{[/configuration/ui]}" onto org.springframework.http.ResponseEntity<springfox.documentation.swagger.web.UiConfiguration> springfox.documentation.swagger.web.ApiResourceController.uiConfiguration()
2016-07-24 18:25:47.313  INFO 78140 --- [main] s.w.s.m.m.a.RequestMappingHandlerMapping : Mapped "{[/configuration/security]}" onto org.springframework.http.ResponseEntity<springfox.documentation.swagger.web.SecurityConfiguration> springfox.documentation.swagger.web.ApiResourceController.securityConfiguration()
2016-07-24 18:25:47.314  INFO 78140 --- [main] s.w.s.m.m.a.RequestMappingHandlerMapping : Mapped "{[/swagger-resources]}" onto org.springframework.http.ResponseEntity<java.util.List<springfox.documentation.swagger.web.SwaggerResource>> springfox.documentation.swagger.web.ApiResourceController.swaggerResources()
2016-07-24 18:25:47.317  INFO 78140 --- [main] s.w.s.m.m.a.RequestMappingHandlerMapping : Mapped "{[/error]}" onto public org.springframework.http.ResponseEntity<java.util.Map<java.lang.String, java.lang.Object>> org.springframework.boot.autoconfigure.web.BasicErrorController.error(javax.servlet.http.HttpServletRequest)
2016-07-24 18:25:47.317  INFO 78140 --- [main] s.w.s.m.m.a.RequestMappingHandlerMapping : Mapped "{[/error],produces=[text/html]}" onto public org.springframework.web.servlet.ModelAndView org.springframework.boot.autoconfigure.web.BasicErrorController.errorHtml(javax.servlet.http.HttpServletRequest,javax.servlet.http.HttpServletResponse)
2016-07-24 18:25:47.455  INFO 78140 --- [main] s.w.s.m.m.a.RequestMappingHandlerAdapter : Looking for @ControllerAdvice: org.springframework.boot.context.embedded.AnnotationConfigEmbeddedWebApplicationContext@545ef9fe: startup date [Sun Jul 24 18:25:45 CDT 2016]; root of context hierarchy
2016-07-24 18:25:47.487  INFO 78140 --- [main] o.s.w.s.handler.SimpleUrlHandlerMapping  : Mapped URL path [/webjars/**] onto handler of type [class org.springframework.web.servlet.resource.ResourceHttpRequestHandler]
2016-07-24 18:25:47.487  INFO 78140 --- [main] o.s.w.s.handler.SimpleUrlHandlerMapping  : Mapped URL path [/**] onto handler of type [class org.springframework.web.servlet.resource.ResourceHttpRequestHandler]
2016-07-24 18:25:47.515  INFO 78140 --- [main] o.s.w.s.handler.SimpleUrlHandlerMapping  : Mapped URL path [/**/favicon.ico] onto handler of type [class org.springframework.web.servlet.resource.ResourceHttpRequestHandler]
2016-07-24 18:25:47.593  INFO 78140 --- [main] o.s.j.e.a.AnnotationMBeanExporter        : Registering beans for JMX exposure on startup
2016-07-24 18:25:47.604  INFO 78140 --- [main] d.s.w.p.DocumentationPluginsBootstrapper : Context refreshed
2016-07-24 18:25:47.628  INFO 78140 --- [main] d.s.w.p.DocumentationPluginsBootstrapper : Found 1 custom documentation plugin(s)
2016-07-24 18:25:47.634  INFO 78140 --- [main] s.d.s.w.s.ApiListingReferenceScanner     : Scanning for api listing references
2016-07-24 18:25:47.849  INFO 78140 --- [main] s.b.c.e.t.TomcatEmbeddedServletContainer : Tomcat started on port(s): 8080 (http)
2016-07-24 18:25:47.854  INFO 78140 --- [main] com.intuit.craft.Application             : Started Application in 2.75 seconds (JVM running for 6.051)
2016-07-24 18:25:54.181  INFO 78140 --- [http-nio-8080-exec-1] o.a.c.c.C.[Tomcat].[localhost].[/]       : Initializing Spring FrameworkServlet 'dispatcherServlet'
2016-07-24 18:25:54.181  INFO 78140 --- [http-nio-8080-exec-1] o.s.web.servlet.DispatcherServlet        : FrameworkServlet 'dispatcherServlet': initialization started
2016-07-24 18:25:54.189  INFO 78140 --- [http-nio-8080-exec-1] o.s.web.servlet.DispatcherServlet        : FrameworkServlet 'dispatcherServlet': initialization completed in 8 ms
2016-07-24 18:32:01.140  INFO 78140 --- [Thread-2] ationConfigEmbeddedWebApplicationContext : Closing org.springframework.boot.context.embedded.AnnotationConfigEmbeddedWebApplicationContext@545ef9fe: startup date [Sun Jul 24 18:25:45 CDT 2016]; root of context hierarchy
2016-07-24 18:32:01.142  INFO 78140 --- [Thread-2] o.s.j.e.a.AnnotationMBeanExporter        : Unregistering JMX-exposed beans on shutdown
2016-07-24 18:32:11.657  INFO 78229 --- [main] com.intuit.craft.Application             : Starting Application on L-HOAG4UZG3Q-M.local with PID 78229 (/Users/k0konat/Library/bookshelf-exercise/target/classes started by k0konat in /Users/k0konat/Library/bookshelf-exercise)
2016-07-24 18:32:11.660  INFO 78229 --- [main] com.intuit.craft.Application             : No active profile set, falling back to default profiles: default
2016-07-24 18:32:11.785  INFO 78229 --- [main] ationConfigEmbeddedWebApplicationContext : Refreshing org.springframework.boot.context.embedded.AnnotationConfigEmbeddedWebApplicationContext@545ef9fe: startup date [Sun Jul 24 18:32:11 CDT 2016]; root of context hierarchy
2016-07-24 18:32:12.207  INFO 78229 --- [main] o.s.b.f.s.DefaultListableBeanFactory     : Overriding bean definition for bean 'beanNameViewResolver' with a different definition: replacing [Root bean: class [null]; scope=; abstract=false; lazyInit=false; autowireMode=3; dependencyCheck=0; autowireCandidate=true; primary=false; factoryBeanName=org.springframework.boot.autoconfigure.web.ErrorMvcAutoConfiguration$WhitelabelErrorViewConfiguration; factoryMethodName=beanNameViewResolver; initMethodName=null; destroyMethodName=(inferred); defined in class path resource [org/springframework/boot/autoconfigure/web/ErrorMvcAutoConfiguration$WhitelabelErrorViewConfiguration.class]] with [Root bean: class [null]; scope=; abstract=false; lazyInit=false; autowireMode=3; dependencyCheck=0; autowireCandidate=true; primary=false; factoryBeanName=org.springframework.boot.autoconfigure.web.WebMvcAutoConfiguration$WebMvcAutoConfigurationAdapter; factoryMethodName=beanNameViewResolver; initMethodName=null; destroyMethodName=(inferred); defined in class path resource [org/springframework/boot/autoconfigure/web/WebMvcAutoConfiguration$WebMvcAutoConfigurationAdapter.class]]
2016-07-24 18:32:12.584  INFO 78229 --- [main] s.b.c.e.t.TomcatEmbeddedServletContainer : Tomcat initialized with port(s): 8080 (http)
2016-07-24 18:32:12.591  INFO 78229 --- [main] o.apache.catalina.core.StandardService   : Starting service Tomcat
2016-07-24 18:32:12.592  INFO 78229 --- [main] org.apache.catalina.core.StandardEngine  : Starting Servlet Engine: Apache Tomcat/7.0.59
2016-07-24 18:32:12.686  INFO 78229 --- [localhost-startStop-1] o.a.c.c.C.[Tomcat].[localhost].[/]       : Initializing Spring embedded WebApplicationContext
2016-07-24 18:32:12.686  INFO 78229 --- [localhost-startStop-1] o.s.web.context.ContextLoader            : Root WebApplicationContext: initialization completed in 904 ms
2016-07-24 18:32:12.873  INFO 78229 --- [localhost-startStop-1] o.s.b.c.e.ServletRegistrationBean        : Mapping servlet: 'dispatcherServlet' to [/]
2016-07-24 18:32:12.874  INFO 78229 --- [localhost-startStop-1] o.s.b.c.embedded.FilterRegistrationBean  : Mapping filter: 'characterEncodingFilter' to: [/*]
2016-07-24 18:32:12.874  INFO 78229 --- [localhost-startStop-1] o.s.b.c.embedded.FilterRegistrationBean  : Mapping filter: 'hiddenHttpMethodFilter' to: [/*]
2016-07-24 18:32:12.874  INFO 78229 --- [localhost-startStop-1] o.s.b.c.embedded.FilterRegistrationBean  : Mapping filter: 'httpPutFormContentFilter' to: [/*]
2016-07-24 18:32:12.875  INFO 78229 --- [localhost-startStop-1] o.s.b.c.embedded.FilterRegistrationBean  : Mapping filter: 'requestContextFilter' to: [/*]
2016-07-24 18:32:13.166  INFO 78229 --- [main] s.w.s.m.m.a.RequestMappingHandlerMapping : Mapped "{[/books/book],methods=[POST]}" onto org.springframework.http.ResponseEntity<java.lang.Void> com.intuit.craft.rest.endopoint.v1.controller.BookShelfController.create(com.intuit.craft.data.entity.Book)
2016-07-24 18:32:13.167  INFO 78229 --- [main] s.w.s.m.m.a.RequestMappingHandlerMapping : Mapped "{[/books],methods=[GET],produces=[application/json]}" onto org.springframework.http.HttpEntity<java.util.List<com.intuit.craft.data.entity.Book>> com.intuit.craft.rest.endopoint.v1.controller.BookShelfController.getAll()
2016-07-24 18:32:13.168  INFO 78229 --- [main] s.w.s.m.m.a.RequestMappingHandlerMapping : Mapped "{[/books/search],methods=[GET],produces=[application/json]}" onto org.springframework.http.HttpEntity<java.util.List<com.intuit.craft.data.entity.Book>> com.intuit.craft.rest.endopoint.v1.controller.BookShelfController.searchTitle(java.lang.String,java.lang.String,java.lang.String)
2016-07-24 18:32:13.168  INFO 78229 --- [main] s.w.s.m.m.a.RequestMappingHandlerMapping : Mapped "{[/books/book/checkout],methods=[PUT]}" onto org.springframework.http.HttpEntity<?> com.intuit.craft.rest.endopoint.v1.controller.BookShelfController.checkout(com.intuit.craft.domain.requests.CheckoutBookRequest)
2016-07-24 18:32:13.168  INFO 78229 --- [main] s.w.s.m.m.a.RequestMappingHandlerMapping : Mapped "{[/books/book/returnItem],methods=[PUT]}" onto void com.intuit.craft.rest.endopoint.v1.controller.BookShelfController.returnItem(java.lang.String)
2016-07-24 18:32:13.168  INFO 78229 --- [main] s.w.s.m.m.a.RequestMappingHandlerMapping : Mapped "{[/books/remaining],methods=[GET],produces=[application/json]}" onto org.springframework.http.HttpEntity<java.util.List<com.intuit.craft.data.entity.Book>> com.intuit.craft.rest.endopoint.v1.controller.BookShelfController.getItemsOnShelf()
2016-07-24 18:32:13.169  INFO 78229 --- [main] s.w.s.m.m.a.RequestMappingHandlerMapping : Mapped "{[/books/overdue],methods=[GET],produces=[application/json]}" onto org.springframework.http.HttpEntity<java.util.List<com.intuit.craft.data.entity.Book>> com.intuit.craft.rest.endopoint.v1.controller.BookShelfController.getOverDueItems()
2016-07-24 18:32:13.169  INFO 78229 --- [main] s.w.s.m.m.a.RequestMappingHandlerMapping : Mapped "{[/books/borrowed],methods=[GET],produces=[application/json]}" onto org.springframework.http.HttpEntity<java.util.List<com.intuit.craft.data.entity.Book>> com.intuit.craft.rest.endopoint.v1.controller.BookShelfController.getBorrowedItems()
2016-07-24 18:32:13.169  INFO 78229 --- [main] s.w.s.m.m.a.RequestMappingHandlerMapping : Mapped "{[/v2/api-docs],methods=[GET],produces=[application/json || application/hal+json]}" onto public org.springframework.http.ResponseEntity<springfox.documentation.spring.web.json.Json> springfox.documentation.swagger2.web.Swagger2Controller.getDocumentation(java.lang.String,javax.servlet.http.HttpServletRequest)
2016-07-24 18:32:13.172  INFO 78229 --- [main] s.w.s.m.m.a.RequestMappingHandlerMapping : Mapped "{[/configuration/ui]}" onto org.springframework.http.ResponseEntity<springfox.documentation.swagger.web.UiConfiguration> springfox.documentation.swagger.web.ApiResourceController.uiConfiguration()
2016-07-24 18:32:13.173  INFO 78229 --- [main] s.w.s.m.m.a.RequestMappingHandlerMapping : Mapped "{[/configuration/security]}" onto org.springframework.http.ResponseEntity<springfox.documentation.swagger.web.SecurityConfiguration> springfox.documentation.swagger.web.ApiResourceController.securityConfiguration()
2016-07-24 18:32:13.173  INFO 78229 --- [main] s.w.s.m.m.a.RequestMappingHandlerMapping : Mapped "{[/swagger-resources]}" onto org.springframework.http.ResponseEntity<java.util.List<springfox.documentation.swagger.web.SwaggerResource>> springfox.documentation.swagger.web.ApiResourceController.swaggerResources()
2016-07-24 18:32:13.177  INFO 78229 --- [main] s.w.s.m.m.a.RequestMappingHandlerMapping : Mapped "{[/error]}" onto public org.springframework.http.ResponseEntity<java.util.Map<java.lang.String, java.lang.Object>> org.springframework.boot.autoconfigure.web.BasicErrorController.error(javax.servlet.http.HttpServletRequest)
2016-07-24 18:32:13.177  INFO 78229 --- [main] s.w.s.m.m.a.RequestMappingHandlerMapping : Mapped "{[/error],produces=[text/html]}" onto public org.springframework.web.servlet.ModelAndView org.springframework.boot.autoconfigure.web.BasicErrorController.errorHtml(javax.servlet.http.HttpServletRequest,javax.servlet.http.HttpServletResponse)
2016-07-24 18:32:13.300  INFO 78229 --- [main] s.w.s.m.m.a.RequestMappingHandlerAdapter : Looking for @ControllerAdvice: org.springframework.boot.context.embedded.AnnotationConfigEmbeddedWebApplicationContext@545ef9fe: startup date [Sun Jul 24 18:32:11 CDT 2016]; root of context hierarchy
2016-07-24 18:32:13.332  INFO 78229 --- [main] o.s.w.s.handler.SimpleUrlHandlerMapping  : Mapped URL path [/webjars/**] onto handler of type [class org.springframework.web.servlet.resource.ResourceHttpRequestHandler]
2016-07-24 18:32:13.332  INFO 78229 --- [main] o.s.w.s.handler.SimpleUrlHandlerMapping  : Mapped URL path [/**] onto handler of type [class org.springframework.web.servlet.resource.ResourceHttpRequestHandler]
2016-07-24 18:32:13.361  INFO 78229 --- [main] o.s.w.s.handler.SimpleUrlHandlerMapping  : Mapped URL path [/**/favicon.ico] onto handler of type [class org.springframework.web.servlet.resource.ResourceHttpRequestHandler]
2016-07-24 18:32:13.436  INFO 78229 --- [main] o.s.j.e.a.AnnotationMBeanExporter        : Registering beans for JMX exposure on startup
2016-07-24 18:32:13.448  INFO 78229 --- [main] d.s.w.p.DocumentationPluginsBootstrapper : Context refreshed
2016-07-24 18:32:13.466  INFO 78229 --- [main] d.s.w.p.DocumentationPluginsBootstrapper : Found 1 custom documentation plugin(s)
2016-07-24 18:32:13.472  INFO 78229 --- [main] s.d.s.w.s.ApiListingReferenceScanner     : Scanning for api listing references
2016-07-24 18:32:13.672  INFO 78229 --- [main] s.b.c.e.t.TomcatEmbeddedServletContainer : Tomcat started on port(s): 8080 (http)
2016-07-24 18:32:13.676  INFO 78229 --- [main] com.intuit.craft.Application             : Started Application in 2.494 seconds (JVM running for 5.173)
2016-07-24 18:32:22.660  INFO 78229 --- [http-nio-8080-exec-1] o.a.c.c.C.[Tomcat].[localhost].[/]       : Initializing Spring FrameworkServlet 'dispatcherServlet'
2016-07-24 18:32:22.660  INFO 78229 --- [http-nio-8080-exec-1] o.s.web.servlet.DispatcherServlet        : FrameworkServlet 'dispatcherServlet': initialization started
2016-07-24 18:32:22.667  INFO 78229 --- [http-nio-8080-exec-1] o.s.web.servlet.DispatcherServlet        : FrameworkServlet 'dispatcherServlet': initialization completed in 7 ms
2016-07-24 19:25:54.258  INFO 78229 --- [Thread-2] ationConfigEmbeddedWebApplicationContext : Closing org.springframework.boot.context.embedded.AnnotationConfigEmbeddedWebApplicationContext@545ef9fe: startup date [Sun Jul 24 18:32:11 CDT 2016]; root of context hierarchy
2016-07-24 19:25:54.261  INFO 78229 --- [Thread-2] o.s.j.e.a.AnnotationMBeanExporter        : Unregistering JMX-exposed beans on shutdown
